<?xml version="1.0" encoding="utf-8"?>
<!-- Copyright (C) 2020 The Android Open Source Project

     Licensed under the Apache License, Version 2.0 (the "License");
     you may not use this file except in compliance with the License.
     You may obtain a copy of the License at

          http://www.apache.org/licenses/LICENSE-2.0

     Unless required by applicable law or agreed to in writing, software
     distributed under the License is distributed on an "AS IS" BASIS,
     WITHOUT WARRANTIES OR CONDITIONS OF ANY KIND, either express or implied.
     See the License for the specific language governing permissions and
     limitations under the License.
-->
<configuration description="mock-test-plan">

    <option name="compatibility:include-filter" value="CtsAppSecurityHostTestCases android.appsecurity.cts.ExternalStorageHostTest#testSystemGalleryExists" />
    <option name="compatibility:exclude-filter" value="CtsNetTestCases android.net.cts.NetworkStatsManagerTest#testUserSummary" />
    <option name="compatibility:module-metadata-exclude-filter" key="component" value="gts-root" />
    <option name="compatibility:exclude-filter" value="CtsContentSuggestionsTestCases" />
    <option name="compatibility:module-metadata-include-filter" key="component" value="cts-root" />
    <option name="compatibility:module-metadata-include-filter" key="component" value="mcts-root" />
    <option name="compatibility:module-metadata-include-filter" key="mock_flag" value="none" />
    <option name="compatibility:include-filter" value="CtsOsTestCases android.os.cts.BuildTest#testIsSecureUserBuild" />

    <test class="com.android.compatibility.common.tradefed.testtype.suite.CompatibilityTestSuite" />

</configuration>
